<<<<<<< Updated upstream
[12808:26396:0421/135503.106:WARNING:chrome_main_delegate.cc(745)] This is Chrome version 128.0.6613.138 (not a warning)
[12808:27088:0421/135503.169:ERROR:google_update_settings.cc(265)] Failed opening key Software\Chromium to set usagestats; result: 5
[12808:26396:0421/135503.183:WARNING:account_consistency_mode_manager.cc(77)] Desktop Identity Consistency cannot be enabled as no OAuth client ID and client secret have been configured.
[12808:14908:0421/135507.180:WARNING:leveldb_database.cc(141)] Unable to open C:\Users\caspe\Documents\GitHub\Project-publish\ProjectPublish\Saved\webcache_6613\Default\shared_proto_db\metadata: IO error: C:\Users\caspe\Documents\GitHub\Project-publish\ProjectPublish\Saved\webcache_6613\Default\shared_proto_db\metadata/MANIFEST-000001: Unable to create sequential file (ChromeMethodBFE: 7::NewSequentialFile::1)
[12808:14908:0421/135507.184:WARNING:leveldb_database.cc(141)] Unable to open C:\Users\caspe\Documents\GitHub\Project-publish\ProjectPublish\Saved\webcache_6613\Default\shared_proto_db\metadata: IO error: C:\Users\caspe\Documents\GitHub\Project-publish\ProjectPublish\Saved\webcache_6613\Default\shared_proto_db\metadata/MANIFEST-000001: Unable to create sequential file (ChromeMethodBFE: 7::NewSequentialFile::1)
[23720:31548:0421/135507.185:ERROR:block_files.cc(448)] Failed to open C:\Users\caspe\Documents\GitHub\Project-publish\ProjectPublish\Saved\webcache_6613\Default\Cache\Cache_Data\data_0
[12808:14908:0421/135507.187:WARNING:leveldb_database.cc(141)] Unable to open C:\Users\caspe\Documents\GitHub\Project-publish\ProjectPublish\Saved\webcache_6613\Default\shared_proto_db\metadata: IO error: C:\Users\caspe\Documents\GitHub\Project-publish\ProjectPublish\Saved\webcache_6613\Default\shared_proto_db\metadata/MANIFEST-000001: Unable to create sequential file (ChromeMethodBFE: 7::NewSequentialFile::1)
[12808:14908:0421/135507.189:WARNING:leveldb_database.cc(141)] Unable to open C:\Users\caspe\Documents\GitHub\Project-publish\ProjectPublish\Saved\webcache_6613\Default\shared_proto_db\metadata: IO error: C:\Users\caspe\Documents\GitHub\Project-publish\ProjectPublish\Saved\webcache_6613\Default\shared_proto_db\metadata/MANIFEST-000001: Unable to create sequential file (ChromeMethodBFE: 7::NewSequentialFile::1)
[12808:27088:0421/135507.922:WARNING:value_store_frontend.cc(47)] Reading ahfgeienlihckogmohjhadlkjgocpleb.alarms from  failed: IO error: .../MANIFEST-000001: Unable to create sequential file (ChromeMethodBFE: 7::NewSequentialFile::1)
[12808:27088:0421/135507.934:WARNING:value_store_frontend.cc(47)] Reading mhjfbmdgcfjbbpaeojofohoefgiehjai.alarms from  failed: IO error: .../MANIFEST-000001: Unable to create sequential file (ChromeMethodBFE: 7::NewSequentialFile::1)
[12808:30600:0421/135508.764:WARNING:leveldb_database.cc(141)] Unable to open C:\Users\caspe\Documents\GitHub\Project-publish\ProjectPublish\Saved\webcache_6613\Default\GCM Store\Encryption: IO error: C:\Users\caspe\Documents\GitHub\Project-publish\ProjectPublish\Saved\webcache_6613\Default\GCM Store\Encryption/MANIFEST-000001: Unable to create sequential file (ChromeMethodBFE: 7::NewSequentialFile::1)
[25592:26164:0421/135509.537:WARNING:frame_impl.cc(430)] virtual CefFrameImpl::SendProcessMessage sent to detached frame 5-85C68D003DDF5DB9E86CE8F82CF0D325 will be ignored
[25256:24764:0421/135549.862:WARNING:frame_impl.cc(430)] virtual CefFrameImpl::SendProcessMessage sent to detached frame D-8446C4C85B8358606206C403AA154C37 will be ignored
[12808:26396:0421/140102.403:WARNING:pref_notifier_impl.cc(41)] Pref observer for media_router.cast_allow_all_ips found at shutdown.
=======
[17436:27316:0423/093825.665:WARNING:chrome_main_delegate.cc(745)] This is Chrome version 128.0.6613.138 (not a warning)
[17436:14196:0423/093825.729:ERROR:google_update_settings.cc(265)] Failed opening key Software\Chromium to set usagestats; result: 5
[17436:27316:0423/093825.741:WARNING:account_consistency_mode_manager.cc(77)] Desktop Identity Consistency cannot be enabled as no OAuth client ID and client secret have been configured.
[17436:21456:0423/093828.138:WARNING:leveldb_database.cc(141)] Unable to open C:\Users\caspe\Documents\GitHub\Project-publish\ProjectPublish\Saved\webcache_6613\Default\shared_proto_db\metadata: IO error: C:\Users\caspe\Documents\GitHub\Project-publish\ProjectPublish\Saved\webcache_6613\Default\shared_proto_db\metadata/MANIFEST-000001: Unable to create sequential file (ChromeMethodBFE: 7::NewSequentialFile::1)
[17436:21456:0423/093828.141:WARNING:leveldb_database.cc(141)] Unable to open C:\Users\caspe\Documents\GitHub\Project-publish\ProjectPublish\Saved\webcache_6613\Default\shared_proto_db\metadata: IO error: C:\Users\caspe\Documents\GitHub\Project-publish\ProjectPublish\Saved\webcache_6613\Default\shared_proto_db\metadata/MANIFEST-000001: Unable to create sequential file (ChromeMethodBFE: 7::NewSequentialFile::1)
[17436:21456:0423/093828.143:WARNING:leveldb_database.cc(141)] Unable to open C:\Users\caspe\Documents\GitHub\Project-publish\ProjectPublish\Saved\webcache_6613\Default\shared_proto_db\metadata: IO error: C:\Users\caspe\Documents\GitHub\Project-publish\ProjectPublish\Saved\webcache_6613\Default\shared_proto_db\metadata/MANIFEST-000001: Unable to create sequential file (ChromeMethodBFE: 7::NewSequentialFile::1)
[17436:21456:0423/093828.145:WARNING:leveldb_database.cc(141)] Unable to open C:\Users\caspe\Documents\GitHub\Project-publish\ProjectPublish\Saved\webcache_6613\Default\shared_proto_db\metadata: IO error: C:\Users\caspe\Documents\GitHub\Project-publish\ProjectPublish\Saved\webcache_6613\Default\shared_proto_db\metadata/MANIFEST-000001: Unable to create sequential file (ChromeMethodBFE: 7::NewSequentialFile::1)
[17436:21456:0423/093828.486:WARNING:value_store_frontend.cc(47)] Reading ahfgeienlihckogmohjhadlkjgocpleb.alarms from  failed: IO error: .../MANIFEST-000001: Unable to create sequential file (ChromeMethodBFE: 7::NewSequentialFile::1)
[17436:21456:0423/093828.488:WARNING:value_store_frontend.cc(47)] Reading mhjfbmdgcfjbbpaeojofohoefgiehjai.alarms from  failed: IO error: .../MANIFEST-000001: Unable to create sequential file (ChromeMethodBFE: 7::NewSequentialFile::1)
[22624:23508:0423/093829.591:WARNING:frame_impl.cc(430)] virtual CefFrameImpl::SendProcessMessage sent to detached frame 5-8BFE36949C6B4DF033ED09A818722363 will be ignored
[17436:20908:0423/093833.574:WARNING:leveldb_database.cc(141)] Unable to open C:\Users\caspe\Documents\GitHub\Project-publish\ProjectPublish\Saved\webcache_6613\Default\GCM Store\Encryption: IO error: C:\Users\caspe\Documents\GitHub\Project-publish\ProjectPublish\Saved\webcache_6613\Default\GCM Store\Encryption/MANIFEST-000001: Unable to create sequential file (ChromeMethodBFE: 7::NewSequentialFile::1)
[17436:27316:0423/094002.660:WARNING:pref_notifier_impl.cc(41)] Pref observer for media_router.cast_allow_all_ips found at shutdown.
>>>>>>> Stashed changes
