[34356:34356:0421/111315.377773:WARNING:chrome_main_delegate.cc(745)] This is Chrome version 128.0.6613.138 (not a warning)
[34356:34356:0421/111315.629665:ERROR:object_proxy.cc(576)] Failed to call method: org.kde.KWallet.isEnabled: object_path= /modules/kwalletd6: org.freedesktop.DBus.Error.NameHasNoOwner: Could not activate remote peer 'org.kde.kwalletd6': unit failed
[34356:34356:0421/111315.629708:ERROR:kwallet_dbus.cc(112)] Error contacting kwalletd6 (isEnabled)
[34356:34356:0421/111315.629764:ERROR:object_proxy.cc(576)] Failed to call method: org.kde.KLauncher.start_service_by_desktop_name: object_path= /KLauncher: org.freedesktop.DBus.Error.ServiceUnknown: The name is not activatable
[34356:34356:0421/111315.629770:ERROR:kwallet_dbus.cc(81)] Error contacting klauncher to start kwalletd6
[34356:34356:0421/111315.629776:WARNING:key_storage_linux.cc(191)] OSCrypt tried KWallet but couldn't initialise.
[34356:34356:0421/111315.778821:ERROR:object_proxy.cc(576)] Failed to call method: org.kde.KWallet.close: object_path= /modules/kwalletd6: org.freedesktop.DBus.Error.NameHasNoOwner: Could not activate remote peer 'org.kde.kwalletd6': unit failed
[34356:34356:0421/111315.778876:ERROR:kwallet_dbus.cc(502)] Error contacting kwalletd6 (close)
[34356:34356:0421/111315.786688:WARNING:account_consistency_mode_manager.cc(77)] Desktop Identity Consistency cannot be enabled as no OAuth client ID and client secret have been configured.
[34356:34356:0421/111318.799467:ERROR:gpu_process_host.cc(1007)] GPU process exited unexpectedly: exit_code=256
[34356:34356:0421/111318.799511:WARNING:gpu_process_host.cc(1441)] The GPU process has crashed 1 time(s)
[34356:34356:0421/111319.206690:ERROR:gpu_process_host.cc(1007)] GPU process exited unexpectedly: exit_code=256
[34356:34356:0421/111319.206725:WARNING:gpu_process_host.cc(1441)] The GPU process has crashed 2 time(s)
[34356:34356:0421/111321.027922:ERROR:gpu_process_host.cc(1007)] GPU process exited unexpectedly: exit_code=256
[34356:34356:0421/111321.027981:WARNING:gpu_process_host.cc(1441)] The GPU process has crashed 3 time(s)
[34356:34356:0421/111348.754201:WARNING:gpu_process_host.cc(1029)] Reinitialized the GPU process after a crash. The reported initialization time was 0 ms
[34356:34356:0421/111545.190215:ERROR:zygote_communication_linux.cc(297)] Failed to send GetTerminationStatus message to zygote
[34356:34356:0421/111545.192771:WARNING:zygote_communication_linux.cc(309)] Socket closed prematurely.
[34356:34356:0421/111547.359861:ERROR:zygote_communication_linux.cc(297)] Failed to send GetTerminationStatus message to zygote
[34356:34356:0421/111547.359900:WARNING:zygote_communication_linux.cc(309)] Socket closed prematurely.
[34356:34356:0421/111547.390741:ERROR:zygote_communication_linux.cc(297)] Failed to send GetTerminationStatus message to zygote
[34356:34356:0421/111547.390759:WARNING:zygote_communication_linux.cc(309)] Socket closed prematurely.
[34356:34356:0421/111547.392385:ERROR:zygote_communication_linux.cc(297)] Failed to send GetTerminationStatus message to zygote
[34356:34356:0421/111547.392396:WARNING:zygote_communication_linux.cc(309)] Socket closed prematurely.
[34356:34356:0421/111547.394031:ERROR:network_service_instance_impl.cc(608)] Network service crashed, restarting service.
[34356:34356:0421/111547.394425:ERROR:gpu_process_host.cc(1001)] GPU process launch failed: error_code=1002
[34356:34356:0421/111547.394437:WARNING:gpu_process_host.cc(1441)] The GPU process has crashed 4 time(s)
[34356:34356:0421/111547.438497:WARNING:pref_notifier_impl.cc(41)] Pref observer for media_router.cast_allow_all_ips found at shutdown.
