<<<<<<< Updated upstream
﻿Log file open, 04/23/26 09:39:31
=======
﻿Log file open, 04/23/26 09:06:21
>>>>>>> Stashed changes
LogICUInternationalization: OS requested locale 'en_US' is not supported. Using the OS requested language of 'en-US' as the locale.
LogICUInternationalization: ICU TimeZone Detection - Raw Offset: +1:00, Platform Override: ''
LogConfig: No local boot hotfix file found at: [/home/mick/.config/Epic/CrashReportClient/Saved/PersistentDownloadDir/HotfixForNextBoot.txt]
LogInit: ExecutableName: CrashReportClientEditor
LogInit: Build: ++UE5+Release-5.7-CL-51494982
LogInit: Platform=Linux
LogInit: MachineId=6c5bab08140a48e9a4fc980d74ea4269-000003e8
LogInit: DeviceId=
LogInit: Engine Version: 5.7.4-51494982+++UE5+Release-5.7
LogInit: Compatible Engine Version: 5.7.0-47537391+++UE5+Release-5.7
LogInit: Net CL: 47537391
LogInit: OS: Arch Linux (6.19.12-arch1-1), CPU: 13th Gen Intel(R) Core(TM) i7-13700HX, GPU: NVIDIA GeForce RTX 4060 Laptop GPU (NVIDIA UNIX Open Kernel Module for x86_64  595.58.03  Release Build  (root@))
LogInit: CPU Model ID: 6bf2, microcode revision: 3e
LogInit: Compiled (64-bit): Mar  6 2026 12:49:40
LogInit: Architecture: x64
LogInit: Compiled with Clang: 20.1.8 (github.com/llvm/llvm-project 87f0227cb60147a26a1eeb4fb06e3b505e9c7261)
LogInit: Build Configuration: Shipping
LogInit: Branch Name: ++UE5+Release-5.7
<<<<<<< Updated upstream
LogInit: Command Line:  -Abslog="/home/mick/Documents/GitHub/Project-publish/ProjectPublish/Saved/Logs/ProjectPublish-CRC.log" -Unattended "/home/mick/Documents/GitHub/Project-publish/ProjectPublish/Saved/Crashes/ensureinfo-ProjectPublish-pid-3506-D6CEE6AB6055481988C9089A1294DB8B/"
=======
LogInit: Command Line:  -Abslog="/home/mick/Documents/GitHub/Project-publish/ProjectPublish/Saved/Logs/ProjectPublish-CRC.log" -Unattended "/home/mick/Documents/GitHub/Project-publish/ProjectPublish/Saved/Crashes/ensureinfo-ProjectPublish-pid-3506-DB99682F708A465F8089600C59F555D0/"
>>>>>>> Stashed changes
LogInit: Base Directory: /opt/unreal-engine/Engine/Binaries/Linux/
LogInit: Allocator: Mimalloc
LogInit: Installed Engine Build: 1
LogInit: This binary is optimized with LTO: no, PGO: no, instrumented for PGO data collection: no
LogInit: Presizing for max 2097152 objects, including 1 objects not considered by GC.
LogInit: Object subsystem initialized
<<<<<<< Updated upstream
[2026.04.23-07.39.31:728][  0]LogConfig: Applying CVar settings from Section [ConsoleVariables] File [Engine]
[2026.04.23-07.39.31:728][  0]LogInit: Unix hardware info:
[2026.04.23-07.39.31:728][  0]LogInit:  - we are the first instance of this executable
[2026.04.23-07.39.31:728][  0]LogInit:  - this process' id (pid) is 8183, parent process' id (ppid) is 3506
[2026.04.23-07.39.31:728][  0]LogInit:  - we are not running under debugger
[2026.04.23-07.39.31:728][  0]LogInit:  - machine network name is 'mickus-dickus'
[2026.04.23-07.39.31:728][  0]LogInit:  - user name is 'mick' (mick)
[2026.04.23-07.39.31:728][  0]LogInit:  - we're logged in locally
[2026.04.23-07.39.31:728][  0]LogInit:  - we're running with rendering
[2026.04.23-07.39.31:728][  0]LogInit:  - CPU: GenuineIntel '13th Gen Intel(R) Core(TM) i7-13700HX' (signature: 0xB06F2)
[2026.04.23-07.39.31:728][  0]LogInit:  - Number of physical cores available for the process: 16
[2026.04.23-07.39.31:728][  0]LogInit:  - Number of logical cores available for the process: 24
[2026.04.23-07.39.31:728][  0]LogInit:  - GPU Brand Info: NVIDIA GeForce RTX 4060 Laptop GPU (NVIDIA UNIX Open Kernel Module for x86_64  595.58.03  Release Build  (root@))
[2026.04.23-07.39.31:728][  0]LogInit:  - Memory allocator used: Mimalloc
[2026.04.23-07.39.31:728][  0]LogInit:  - This is an internal build.
[2026.04.23-07.39.31:728][  0]LogCore: Skipped benchmarking clocks because the engine is running in a standalone program mode - CLOCK_MONOTONIC will be used.
[2026.04.23-07.39.31:728][  0]LogInit: Unix-specific commandline switches:
[2026.04.23-07.39.31:728][  0]LogInit:  -ansimalloc - use malloc()/free() from libc (useful for tools like valgrind and electric fence)
[2026.04.23-07.39.31:728][  0]LogInit:  -jemalloc - use jemalloc for all memory allocation
[2026.04.23-07.39.31:728][  0]LogInit:  -binnedmalloc - use binned malloc  for all memory allocation
[2026.04.23-07.39.31:728][  0]LogInit:  -filemapcachesize=NUMBER - set the size for case-sensitive file mapping cache
[2026.04.23-07.39.31:728][  0]LogInit:  -useksm - uses kernel same-page mapping (KSM) for mapped memory (OFF)
[2026.04.23-07.39.31:728][  0]LogInit:  -ksmmergeall - marks all mmap'd memory pages suitable for KSM (OFF)
[2026.04.23-07.39.31:728][  0]LogInit:  -preloadmodulesymbols - Loads the main module symbols file into memory (OFF)
[2026.04.23-07.39.31:728][  0]LogInit:  -sigdfl=SIGNAL - Allows a specific signal to be set to its default handler rather then ignoring the signal
[2026.04.23-07.39.31:728][  0]LogInit:  -crashhandlerstacksize - Allows setting crash handler stack sizes (204800)
[2026.04.23-07.39.31:728][  0]LogInit:  -noexclusivelockonwrite - disables marking files created by the engine as exclusive locked while the engine has them opened
[2026.04.23-07.39.31:728][  0]LogInit:  -httpproxy=ADDRESS:PORT - redirects HTTP requests to a proxy (only supported if compiled with libcurl)
[2026.04.23-07.39.31:728][  0]LogInit:  -reuseconn - allow libcurl to reuse HTTP connections (only matters if compiled with libcurl)
[2026.04.23-07.39.31:728][  0]LogInit:  -virtmemkb=NUMBER - sets process virtual memory (address space) limit (overrides VirtualMemoryLimitInKB value from .ini)
[2026.04.23-07.39.31:728][  0]LogInit:  -allowsyscallfilterfile=PATH_TO_FILE - sets up a system call filter allow list. any invalid syscall in this list *will* cause a crash
[2026.04.23-07.39.31:728][  0]LogInit:  - Physical RAM available (not considering process quota): 16 GB (15676 MB, 16052528 KB, 16437788672 bytes)
[2026.04.23-07.39.31:728][  0]LogInit:  - VirtualMemoryAllocator pools will grow at scale 1
[2026.04.23-07.39.31:728][  0]LogInit:  - MemoryRangeDecommit() will be a no-op (re-run with -vmapoolevict to change)
[2026.04.23-07.39.31:728][  0]LogInit:  - PageSize 4096
[2026.04.23-07.39.31:728][  0]LogInit:  - BinnedPageSize 65536
[2026.04.23-07.39.31:730][  0]LogUObjectArray: 563 objects as part of root set at end of initial load.
[2026.04.23-07.39.31:730][  0]LogUObjectArray: 0 objects are not in the root set, but can never be destroyed because they are in the DisregardForGC set.
[2026.04.23-07.39.31:730][  0]LogUObjectArray: CloseDisregardForGC: 563/563 objects in disregard for GC pool
[2026.04.23-07.39.31:731][  0]LogInit: Using OS detected language (en-US).
[2026.04.23-07.39.31:731][  0]LogInit: Using OS detected locale (en-US).
[2026.04.23-07.39.31:731][  0]LogTextLocalizationManager: No specific localization for 'en-US' exists, so 'en' will be used for the language.
[2026.04.23-07.39.31:791][  0]LogInit: Using OS detected language (en-US).
[2026.04.23-07.39.31:791][  0]LogInit: Using OS detected locale (en-US).
[2026.04.23-07.39.31:791][  0]LogTextLocalizationManager: No localization for 'en-US' exists, so 'en' will be used for the language.
[2026.04.23-07.39.31:791][  0]LogTextLocalizationManager: No localization for 'en-US' exists, so 'en' will be used for the locale.
[2026.04.23-07.39.31:791][  0]LogPackageLocalizationCache: Processed 2 localized package path(s) for 1 prioritized culture(s) in 0.000031 seconds
[2026.04.23-07.39.31:802][  0]LogInit: Using libcurl 8.12.1
[2026.04.23-07.39.31:802][  0]LogInit:  - built for x86_64-unknown-linux-gnu
[2026.04.23-07.39.31:802][  0]LogInit:  - supports SSL with OpenSSL/1.1.1t
[2026.04.23-07.39.31:802][  0]LogInit:  - supports HTTP deflate (compression) using libz 1.3
[2026.04.23-07.39.31:802][  0]LogInit:  - other features:
[2026.04.23-07.39.31:802][  0]LogInit:      CURL_VERSION_SSL
[2026.04.23-07.39.31:802][  0]LogInit:      CURL_VERSION_LIBZ
[2026.04.23-07.39.31:802][  0]LogInit:      CURL_VERSION_IPV6
[2026.04.23-07.39.31:802][  0]LogInit:      CURL_VERSION_ASYNCHDNS
[2026.04.23-07.39.31:802][  0]LogInit:      CURL_VERSION_LARGEFILE
[2026.04.23-07.39.31:802][  0]LogInit:      CURL_VERSION_TLSAUTH_SRP
[2026.04.23-07.39.31:802][  0]LogInit:      CURL_VERSION_HTTP2
[2026.04.23-07.39.31:802][  0]LogInit:  CurlRequestOptions (configurable via config and command line):
[2026.04.23-07.39.31:802][  0]LogInit:  - bVerifyPeer = false  - Libcurl will NOT verify peer certificate
[2026.04.23-07.39.31:802][  0]LogInit:  - bUseHttpProxy = false  - Libcurl will NOT use HTTP proxy
[2026.04.23-07.39.31:802][  0]LogInit:  - CVarHttpCurlReuseConnectionEnabled = true  - Libcurl will reuse connections
[2026.04.23-07.39.31:802][  0]LogInit:  - MaxHostConnections = 16  - Libcurl will limit the number of connections to a host
[2026.04.23-07.39.31:802][  0]LogInit:  - LocalHostAddr = Default
[2026.04.23-07.39.31:802][  0]LogInit:  - BufferSize = 65536
[2026.04.23-07.39.31:802][  0]LogInit: CreateHttpThread using FCurlMultiPollEventLoopHttpThread
[2026.04.23-07.39.31:802][  0]LogInit: Creating http thread with maximum 256 concurrent requests
[2026.04.23-07.39.31:802][  0]LogAnalytics: Display: [CrashReporter.Release] AnalyticsET::StartSession ( APIServer = https://datarouter.ol.epicgames.com/datarouter/api/v1/public/data. AppVersion = ++UE5+Release-5.7-CL-51494982 )
[2026.04.23-07.39.31:804][  0]CrashReportCoreLog: CrashReportClientVersion=1.0
[2026.04.23-07.39.31:804][  0]CrashReportCoreLog: CrashReportReceiver disabled
[2026.04.23-07.39.31:804][  0]CrashReportCoreLog: DataRouterUrl: https://datarouter.ol.epicgames.com/datarouter/api/v1/public/data
[2026.04.23-07.39.31:805][  0]CrashReportCoreLog: Initial state = Unknown UploadState value
[2026.04.23-07.39.31:805][  0]CrashReportCoreLog: Initial state = Unknown UploadState value
[2026.04.23-07.39.31:805][  0]LogCrashDebugHelper: DepotName: //UE5/Release-5.7
[2026.04.23-07.39.31:806][  0]LogCrashDebugHelper: BuiltFromCL: 51494982
[2026.04.23-07.39.31:806][  0]LogCrashDebugHelper: EngineVersion: 5.7.4-51494982+++UE5+Release-5.7
[2026.04.23-07.39.31:806][  0]LogCrashDebugHelper: BuildVersion: ++UE5+Release-5.7-CL-51494982
[2026.04.23-07.39.32:777][  0]CrashReportCoreLog: Got 3 pending files to upload from 'ensureinfo-ProjectPublish-pid-3506-D6CEE6AB6055481988C9089A1294DB8B'
[2026.04.23-07.39.32:777][  0]CrashReportCoreLog: State change from Ready to SendingFiles
[2026.04.23-07.39.32:777][  0]CrashReportCoreLog: CompressAndSendData have 3 pending files
[2026.04.23-07.39.32:777][  0]CrashReportCoreLog: CompressAndSendData compressing 7299 bytes ('/home/mick/Documents/GitHub/Project-publish/ProjectPublish/Saved/Crashes/ensureinfo-ProjectPublish-pid-3506-D6CEE6AB6055481988C9089A1294DB8B/Diagnostics.txt')
[2026.04.23-07.39.32:777][  0]CrashReportCoreLog: CompressAndSendData compressing 53095 bytes ('/home/mick/Documents/GitHub/Project-publish/ProjectPublish/Saved/Crashes/ensureinfo-ProjectPublish-pid-3506-D6CEE6AB6055481988C9089A1294DB8B/CrashContext.runtime-xml')
[2026.04.23-07.39.32:777][  0]CrashReportCoreLog: CompressAndSendData compressing 432254 bytes ('/home/mick/Documents/GitHub/Project-publish/ProjectPublish/Saved/Crashes/ensureinfo-ProjectPublish-pid-3506-D6CEE6AB6055481988C9089A1294DB8B/ProjectPublish.log')
[2026.04.23-07.39.32:783][  0]CrashReportCoreLog: Sending HTTP request: https://datarouter.ol.epicgames.com/datarouter/api/v1/public/data?AppID=CrashReporter&AppVersion=5.7.4-51494982%2B%2B%2BUE5%2BRelease-5.7&AppEnvironment=Release&UploadType=crashreports&UserID=6c5bab08140a48e9a4fc980d74ea4269-000003e8%7C%7C6c5bab08140a48e9a4fc980d74ea4269, Payload size: 45911
[2026.04.23-07.39.33:377][  0]CrashReportCoreLog: OnProcessRequestComplete(), State=SendingFiles Response=204 ConnectedSuccesfully=1
[2026.04.23-07.39.33:377][  0]CrashReportCoreLog: All uploads done
[2026.04.23-07.39.33:377][  0]CrashReportCoreLog: State change from SendingFiles to Finished
[2026.04.23-07.39.33:812][  0]CrashReportCoreLog: Final state (Receiver) = Finished
[2026.04.23-07.39.33:812][  0]CrashReportCoreLog: Final state (Receiver) = Unknown UploadState value
[2026.04.23-07.39.33:812][  0]LogAnalytics: Display: [CrashReporter.Release] AnalyticsET::EndSession
[2026.04.23-07.39.33:812][  0]LogCore: Engine exit requested (reason: CrashReportClientApp RequestExit)
[2026.04.23-07.39.33:812][  0]LogExit: Preparing to exit.
[2026.04.23-07.39.33:814][  0]LogExit: Object subsystem successfully closed.
[2026.04.23-07.39.34:316][  0]LogPakFile: Destroying PakPlatformFile
[2026.04.23-07.39.34:317][  0]LogExit: Exiting.
[2026.04.23-07.39.34:323][  0]Log file closed, 04/23/26 09:39:34
=======
[2026.04.23-07.06.21:886][  0]LogConfig: Applying CVar settings from Section [ConsoleVariables] File [Engine]
[2026.04.23-07.06.21:886][  0]LogInit: Unix hardware info:
[2026.04.23-07.06.21:886][  0]LogInit:  - we are the first instance of this executable
[2026.04.23-07.06.21:886][  0]LogInit:  - this process' id (pid) is 3760, parent process' id (ppid) is 3506
[2026.04.23-07.06.21:886][  0]LogInit:  - we are not running under debugger
[2026.04.23-07.06.21:886][  0]LogInit:  - machine network name is 'mickus-dickus'
[2026.04.23-07.06.21:886][  0]LogInit:  - user name is 'mick' (mick)
[2026.04.23-07.06.21:886][  0]LogInit:  - we're logged in locally
[2026.04.23-07.06.21:886][  0]LogInit:  - we're running with rendering
[2026.04.23-07.06.21:886][  0]LogInit:  - CPU: GenuineIntel '13th Gen Intel(R) Core(TM) i7-13700HX' (signature: 0xB06F2)
[2026.04.23-07.06.21:886][  0]LogInit:  - Number of physical cores available for the process: 16
[2026.04.23-07.06.21:886][  0]LogInit:  - Number of logical cores available for the process: 24
[2026.04.23-07.06.21:886][  0]LogInit:  - GPU Brand Info: NVIDIA GeForce RTX 4060 Laptop GPU (NVIDIA UNIX Open Kernel Module for x86_64  595.58.03  Release Build  (root@))
[2026.04.23-07.06.21:886][  0]LogInit:  - Memory allocator used: Mimalloc
[2026.04.23-07.06.21:886][  0]LogInit:  - This is an internal build.
[2026.04.23-07.06.21:886][  0]LogCore: Skipped benchmarking clocks because the engine is running in a standalone program mode - CLOCK_MONOTONIC will be used.
[2026.04.23-07.06.21:886][  0]LogInit: Unix-specific commandline switches:
[2026.04.23-07.06.21:886][  0]LogInit:  -ansimalloc - use malloc()/free() from libc (useful for tools like valgrind and electric fence)
[2026.04.23-07.06.21:886][  0]LogInit:  -jemalloc - use jemalloc for all memory allocation
[2026.04.23-07.06.21:886][  0]LogInit:  -binnedmalloc - use binned malloc  for all memory allocation
[2026.04.23-07.06.21:886][  0]LogInit:  -filemapcachesize=NUMBER - set the size for case-sensitive file mapping cache
[2026.04.23-07.06.21:886][  0]LogInit:  -useksm - uses kernel same-page mapping (KSM) for mapped memory (OFF)
[2026.04.23-07.06.21:886][  0]LogInit:  -ksmmergeall - marks all mmap'd memory pages suitable for KSM (OFF)
[2026.04.23-07.06.21:886][  0]LogInit:  -preloadmodulesymbols - Loads the main module symbols file into memory (OFF)
[2026.04.23-07.06.21:886][  0]LogInit:  -sigdfl=SIGNAL - Allows a specific signal to be set to its default handler rather then ignoring the signal
[2026.04.23-07.06.21:886][  0]LogInit:  -crashhandlerstacksize - Allows setting crash handler stack sizes (204800)
[2026.04.23-07.06.21:886][  0]LogInit:  -noexclusivelockonwrite - disables marking files created by the engine as exclusive locked while the engine has them opened
[2026.04.23-07.06.21:886][  0]LogInit:  -httpproxy=ADDRESS:PORT - redirects HTTP requests to a proxy (only supported if compiled with libcurl)
[2026.04.23-07.06.21:886][  0]LogInit:  -reuseconn - allow libcurl to reuse HTTP connections (only matters if compiled with libcurl)
[2026.04.23-07.06.21:886][  0]LogInit:  -virtmemkb=NUMBER - sets process virtual memory (address space) limit (overrides VirtualMemoryLimitInKB value from .ini)
[2026.04.23-07.06.21:886][  0]LogInit:  -allowsyscallfilterfile=PATH_TO_FILE - sets up a system call filter allow list. any invalid syscall in this list *will* cause a crash
[2026.04.23-07.06.21:886][  0]LogInit:  - Physical RAM available (not considering process quota): 16 GB (15676 MB, 16052528 KB, 16437788672 bytes)
[2026.04.23-07.06.21:886][  0]LogInit:  - VirtualMemoryAllocator pools will grow at scale 1
[2026.04.23-07.06.21:886][  0]LogInit:  - MemoryRangeDecommit() will be a no-op (re-run with -vmapoolevict to change)
[2026.04.23-07.06.21:886][  0]LogInit:  - PageSize 4096
[2026.04.23-07.06.21:886][  0]LogInit:  - BinnedPageSize 65536
[2026.04.23-07.06.21:889][  0]LogUObjectArray: 563 objects as part of root set at end of initial load.
[2026.04.23-07.06.21:889][  0]LogUObjectArray: 0 objects are not in the root set, but can never be destroyed because they are in the DisregardForGC set.
[2026.04.23-07.06.21:889][  0]LogUObjectArray: CloseDisregardForGC: 563/563 objects in disregard for GC pool
[2026.04.23-07.06.21:890][  0]LogInit: Using OS detected language (en-US).
[2026.04.23-07.06.21:890][  0]LogInit: Using OS detected locale (en-US).
[2026.04.23-07.06.21:890][  0]LogTextLocalizationManager: No specific localization for 'en-US' exists, so 'en' will be used for the language.
[2026.04.23-07.06.21:926][  0]LogInit: Using OS detected language (en-US).
[2026.04.23-07.06.21:926][  0]LogInit: Using OS detected locale (en-US).
[2026.04.23-07.06.21:926][  0]LogTextLocalizationManager: No localization for 'en-US' exists, so 'en' will be used for the language.
[2026.04.23-07.06.21:926][  0]LogTextLocalizationManager: No localization for 'en-US' exists, so 'en' will be used for the locale.
[2026.04.23-07.06.21:926][  0]LogPackageLocalizationCache: Processed 2 localized package path(s) for 1 prioritized culture(s) in 0.000024 seconds
[2026.04.23-07.06.21:939][  0]LogInit: Using libcurl 8.12.1
[2026.04.23-07.06.21:939][  0]LogInit:  - built for x86_64-unknown-linux-gnu
[2026.04.23-07.06.21:939][  0]LogInit:  - supports SSL with OpenSSL/1.1.1t
[2026.04.23-07.06.21:939][  0]LogInit:  - supports HTTP deflate (compression) using libz 1.3
[2026.04.23-07.06.21:939][  0]LogInit:  - other features:
[2026.04.23-07.06.21:939][  0]LogInit:      CURL_VERSION_SSL
[2026.04.23-07.06.21:939][  0]LogInit:      CURL_VERSION_LIBZ
[2026.04.23-07.06.21:939][  0]LogInit:      CURL_VERSION_IPV6
[2026.04.23-07.06.21:939][  0]LogInit:      CURL_VERSION_ASYNCHDNS
[2026.04.23-07.06.21:939][  0]LogInit:      CURL_VERSION_LARGEFILE
[2026.04.23-07.06.21:939][  0]LogInit:      CURL_VERSION_TLSAUTH_SRP
[2026.04.23-07.06.21:939][  0]LogInit:      CURL_VERSION_HTTP2
[2026.04.23-07.06.21:939][  0]LogInit:  CurlRequestOptions (configurable via config and command line):
[2026.04.23-07.06.21:939][  0]LogInit:  - bVerifyPeer = false  - Libcurl will NOT verify peer certificate
[2026.04.23-07.06.21:939][  0]LogInit:  - bUseHttpProxy = false  - Libcurl will NOT use HTTP proxy
[2026.04.23-07.06.21:939][  0]LogInit:  - CVarHttpCurlReuseConnectionEnabled = true  - Libcurl will reuse connections
[2026.04.23-07.06.21:939][  0]LogInit:  - MaxHostConnections = 16  - Libcurl will limit the number of connections to a host
[2026.04.23-07.06.21:939][  0]LogInit:  - LocalHostAddr = Default
[2026.04.23-07.06.21:939][  0]LogInit:  - BufferSize = 65536
[2026.04.23-07.06.21:939][  0]LogInit: CreateHttpThread using FCurlMultiPollEventLoopHttpThread
[2026.04.23-07.06.21:939][  0]LogInit: Creating http thread with maximum 256 concurrent requests
[2026.04.23-07.06.21:939][  0]LogAnalytics: Display: [CrashReporter.Release] AnalyticsET::StartSession ( APIServer = https://datarouter.ol.epicgames.com/datarouter/api/v1/public/data. AppVersion = ++UE5+Release-5.7-CL-51494982 )
[2026.04.23-07.06.21:940][  0]CrashReportCoreLog: Display: Applying project settings from '/home/mick/Documents/GitHub/Project-publish/ProjectPublish/Saved/Crashes/ensureinfo-ProjectPublish-pid-3506-DB99682F708A465F8089600C59F555D0/CrashReportClient.ini'.
[2026.04.23-07.06.21:940][  0]CrashReportCoreLog: CrashReportClientVersion=1.0
[2026.04.23-07.06.21:940][  0]CrashReportCoreLog: CrashReportReceiver disabled
[2026.04.23-07.06.21:940][  0]CrashReportCoreLog: DataRouterUrl: https://datarouter.ol.epicgames.com/datarouter/api/v1/public/data
[2026.04.23-07.06.21:941][  0]CrashReportCoreLog: Initial state = Unknown UploadState value
[2026.04.23-07.06.21:941][  0]CrashReportCoreLog: Initial state = Unknown UploadState value
[2026.04.23-07.06.21:941][  0]LogCrashDebugHelper: DepotName: //UE5/Release-5.7
[2026.04.23-07.06.21:941][  0]LogCrashDebugHelper: BuiltFromCL: 51494982
[2026.04.23-07.06.21:941][  0]LogCrashDebugHelper: EngineVersion: 5.7.4-51494982+++UE5+Release-5.7
[2026.04.23-07.06.21:941][  0]LogCrashDebugHelper: BuildVersion: ++UE5+Release-5.7-CL-51494982
[2026.04.23-07.06.22:911][  0]CrashReportCoreLog: Got 4 pending files to upload from 'ensureinfo-ProjectPublish-pid-3506-DB99682F708A465F8089600C59F555D0'
[2026.04.23-07.06.22:911][  0]CrashReportCoreLog: State change from Ready to SendingFiles
[2026.04.23-07.06.22:911][  0]CrashReportCoreLog: CompressAndSendData have 4 pending files
[2026.04.23-07.06.22:911][  0]CrashReportCoreLog: CompressAndSendData compressing 4007 bytes ('/home/mick/Documents/GitHub/Project-publish/ProjectPublish/Saved/Crashes/ensureinfo-ProjectPublish-pid-3506-DB99682F708A465F8089600C59F555D0/Diagnostics.txt')
[2026.04.23-07.06.22:911][  0]CrashReportCoreLog: CompressAndSendData compressing 45034 bytes ('/home/mick/Documents/GitHub/Project-publish/ProjectPublish/Saved/Crashes/ensureinfo-ProjectPublish-pid-3506-DB99682F708A465F8089600C59F555D0/CrashContext.runtime-xml')
[2026.04.23-07.06.22:911][  0]CrashReportCoreLog: CompressAndSendData compressing 149757 bytes ('/home/mick/Documents/GitHub/Project-publish/ProjectPublish/Saved/Crashes/ensureinfo-ProjectPublish-pid-3506-DB99682F708A465F8089600C59F555D0/ProjectPublish.log')
[2026.04.23-07.06.22:911][  0]CrashReportCoreLog: CompressAndSendData compressing 256 bytes ('/home/mick/Documents/GitHub/Project-publish/ProjectPublish/Saved/Crashes/ensureinfo-ProjectPublish-pid-3506-DB99682F708A465F8089600C59F555D0/CrashReportClient.ini')
[2026.04.23-07.06.22:916][  0]CrashReportCoreLog: Sending HTTP request: https://datarouter.ol.epicgames.com/datarouter/api/v1/public/data?AppID=CrashReporter&AppVersion=5.7.4-51494982%2B%2B%2BUE5%2BRelease-5.7&AppEnvironment=Release&UploadType=crashreports&UserID=6c5bab08140a48e9a4fc980d74ea4269-000003e8%7C%7C6c5bab08140a48e9a4fc980d74ea4269, Payload size: 32283
[2026.04.23-07.06.23:379][  0]CrashReportCoreLog: OnProcessRequestComplete(), State=SendingFiles Response=204 ConnectedSuccesfully=1
[2026.04.23-07.06.23:379][  0]CrashReportCoreLog: All uploads done
[2026.04.23-07.06.23:379][  0]CrashReportCoreLog: State change from SendingFiles to Finished
[2026.04.23-07.06.23:948][  0]CrashReportCoreLog: Final state (Receiver) = Finished
[2026.04.23-07.06.23:948][  0]CrashReportCoreLog: Final state (Receiver) = Unknown UploadState value
[2026.04.23-07.06.23:948][  0]LogAnalytics: Display: [CrashReporter.Release] AnalyticsET::EndSession
[2026.04.23-07.06.23:948][  0]LogCore: Engine exit requested (reason: CrashReportClientApp RequestExit)
[2026.04.23-07.06.23:948][  0]LogExit: Preparing to exit.
[2026.04.23-07.06.23:950][  0]LogExit: Object subsystem successfully closed.
[2026.04.23-07.06.24:454][  0]LogPakFile: Destroying PakPlatformFile
[2026.04.23-07.06.24:454][  0]LogExit: Exiting.
[2026.04.23-07.06.24:468][  0]Log file closed, 04/23/26 09:06:24
>>>>>>> Stashed changes
