Log file open, 04/21/26 13:31:42
LogICUInternationalization: OS requested locale 'en_US' is not supported. Using the OS requested language of 'en-US' as the locale.
LogICUInternationalization: ICU TimeZone Detection - Raw Offset: +1:00, Platform Override: ''
LogConfig: No local boot hotfix file found at: [/home/daantje/.config/Epic/CrashReportClient/Saved/PersistentDownloadDir/HotfixForNextBoot.txt]
LogInit: ExecutableName: CrashReportClientEditor
LogInit: Build: ++UE5+Release-5.7-CL-51494982
LogInit: Platform=Linux
LogInit: MachineId=3cdf7a92d3224369a4459fffed029588-000003e8
LogInit: DeviceId=
LogInit: Engine Version: 5.7.4-51494982+++UE5+Release-5.7
LogInit: Compatible Engine Version: 5.7.0-47537391+++UE5+Release-5.7
LogInit: Net CL: 47537391
LogInit: OS: Arch Linux (6.19.12-arch1-1), CPU: 13th Gen Intel(R) Core(TM) i7-13620H, GPU: NVIDIA GeForce RTX 4060 Laptop GPU (NVIDIA UNIX Open Kernel Module for x86_64  595.58.03  Release Build  (root@))
LogInit: CPU Model ID: 6ba2, microcode revision: 6134
LogInit: Compiled (64-bit): Mar  6 2026 12:49:40
LogInit: Architecture: x64
LogInit: Compiled with Clang: 20.1.8 (github.com/llvm/llvm-project 87f0227cb60147a26a1eeb4fb06e3b505e9c7261)
LogInit: Build Configuration: Shipping
LogInit: Branch Name: ++UE5+Release-5.7
LogInit: Command Line:  -Abslog="/home/daantje/Documents/SchoolProjecten/Project-publish/ProjectPublish/Saved/Logs/ProjectPublish_3-CRC.log" "/home/daantje/Documents/SchoolProjecten/Project-publish/ProjectPublish/Saved/Crashes/crashinfo-ProjectPublish-pid-14852-EBA448AA78A94127B83FB81CB6E2B747/"
LogInit: Base Directory: /home/daantje/Downloads/Linux_Unreal_Engine_5.7.4/Engine/Binaries/Linux/
LogInit: Allocator: Mimalloc
LogInit: Installed Engine Build: 1
LogInit: This binary is optimized with LTO: no, PGO: no, instrumented for PGO data collection: no
LogInit: Presizing for max 2097152 objects, including 1 objects not considered by GC.
LogInit: Object subsystem initialized
LogConfig: Applying CVar settings from Section [ConsoleVariables] File [Engine]
[2026.04.21-11.31.42:348][  0]LogInit: Unix hardware info:
[2026.04.21-11.31.42:348][  0]LogInit:  - we are the first instance of this executable
[2026.04.21-11.31.42:348][  0]LogInit:  - this process' id (pid) is 15158, parent process' id (ppid) is 14852
[2026.04.21-11.31.42:348][  0]LogInit:  - we are not running under debugger
[2026.04.21-11.31.42:348][  0]LogInit:  - machine network name is 'DaanArchs'
[2026.04.21-11.31.42:348][  0]LogInit:  - user name is 'daantje' (daantje)
[2026.04.21-11.31.42:348][  0]LogInit:  - we're logged in locally
[2026.04.21-11.31.42:348][  0]LogInit:  - we're running with rendering
[2026.04.21-11.31.42:348][  0]LogInit:  - CPU: GenuineIntel '13th Gen Intel(R) Core(TM) i7-13620H' (signature: 0xB06A2)
[2026.04.21-11.31.42:348][  0]LogInit:  - Number of physical cores available for the process: 6
[2026.04.21-11.31.42:348][  0]LogInit:  - Number of logical cores available for the process: 12
[2026.04.21-11.31.42:348][  0]LogInit:  - GPU Brand Info: NVIDIA GeForce RTX 4060 Laptop GPU (NVIDIA UNIX Open Kernel Module for x86_64  595.58.03  Release Build  (root@))
[2026.04.21-11.31.42:348][  0]LogInit:  - Memory allocator used: Mimalloc
[2026.04.21-11.31.42:348][  0]LogInit:  - This is an internal build.
[2026.04.21-11.31.42:348][  0]LogCore: Skipped benchmarking clocks because the engine is running in a standalone program mode - CLOCK_MONOTONIC will be used.
[2026.04.21-11.31.42:348][  0]LogInit: Unix-specific commandline switches:
[2026.04.21-11.31.42:348][  0]LogInit:  -ansimalloc - use malloc()/free() from libc (useful for tools like valgrind and electric fence)
[2026.04.21-11.31.42:348][  0]LogInit:  -jemalloc - use jemalloc for all memory allocation
[2026.04.21-11.31.42:348][  0]LogInit:  -binnedmalloc - use binned malloc  for all memory allocation
[2026.04.21-11.31.42:348][  0]LogInit:  -filemapcachesize=NUMBER - set the size for case-sensitive file mapping cache
[2026.04.21-11.31.42:348][  0]LogInit:  -useksm - uses kernel same-page mapping (KSM) for mapped memory (OFF)
[2026.04.21-11.31.42:348][  0]LogInit:  -ksmmergeall - marks all mmap'd memory pages suitable for KSM (OFF)
[2026.04.21-11.31.42:348][  0]LogInit:  -preloadmodulesymbols - Loads the main module symbols file into memory (OFF)
[2026.04.21-11.31.42:348][  0]LogInit:  -sigdfl=SIGNAL - Allows a specific signal to be set to its default handler rather then ignoring the signal
[2026.04.21-11.31.42:348][  0]LogInit:  -crashhandlerstacksize - Allows setting crash handler stack sizes (204800)
[2026.04.21-11.31.42:348][  0]LogInit:  -noexclusivelockonwrite - disables marking files created by the engine as exclusive locked while the engine has them opened
[2026.04.21-11.31.42:348][  0]LogInit:  -httpproxy=ADDRESS:PORT - redirects HTTP requests to a proxy (only supported if compiled with libcurl)
[2026.04.21-11.31.42:348][  0]LogInit:  -reuseconn - allow libcurl to reuse HTTP connections (only matters if compiled with libcurl)
[2026.04.21-11.31.42:348][  0]LogInit:  -virtmemkb=NUMBER - sets process virtual memory (address space) limit (overrides VirtualMemoryLimitInKB value from .ini)
[2026.04.21-11.31.42:348][  0]LogInit:  -allowsyscallfilterfile=PATH_TO_FILE - sets up a system call filter allow list. any invalid syscall in this list *will* cause a crash
[2026.04.21-11.31.42:348][  0]LogInit:  - Physical RAM available (not considering process quota): 16 GB (15620 MB, 15995488 KB, 16379379712 bytes)
[2026.04.21-11.31.42:348][  0]LogInit:  - VirtualMemoryAllocator pools will grow at scale 1
[2026.04.21-11.31.42:348][  0]LogInit:  - MemoryRangeDecommit() will be a no-op (re-run with -vmapoolevict to change)
[2026.04.21-11.31.42:348][  0]LogInit:  - PageSize 4096
[2026.04.21-11.31.42:348][  0]LogInit:  - BinnedPageSize 65536
[2026.04.21-11.31.42:350][  0]LogUObjectArray: 563 objects as part of root set at end of initial load.
[2026.04.21-11.31.42:350][  0]LogUObjectArray: 0 objects are not in the root set, but can never be destroyed because they are in the DisregardForGC set.
[2026.04.21-11.31.42:350][  0]LogUObjectArray: CloseDisregardForGC: 563/563 objects in disregard for GC pool
[2026.04.21-11.31.42:351][  0]LogInit: Using OS detected language (en-US).
[2026.04.21-11.31.42:351][  0]LogInit: Using OS detected locale (en-US).
[2026.04.21-11.31.42:351][  0]LogTextLocalizationManager: No specific localization for 'en-US' exists, so 'en' will be used for the language.
[2026.04.21-11.31.42:389][  0]LogInit: Using OS detected language (en-US).
[2026.04.21-11.31.42:389][  0]LogInit: Using OS detected locale (en-US).
[2026.04.21-11.31.42:389][  0]LogTextLocalizationManager: No localization for 'en-US' exists, so 'en' will be used for the language.
[2026.04.21-11.31.42:389][  0]LogTextLocalizationManager: No localization for 'en-US' exists, so 'en' will be used for the locale.
[2026.04.21-11.31.42:389][  0]LogPackageLocalizationCache: Processed 2 localized package path(s) for 1 prioritized culture(s) in 0.000018 seconds
[2026.04.21-11.31.42:397][  0]LogInit: Using libcurl 8.12.1
[2026.04.21-11.31.42:397][  0]LogInit:  - built for x86_64-unknown-linux-gnu
[2026.04.21-11.31.42:397][  0]LogInit:  - supports SSL with OpenSSL/1.1.1t
[2026.04.21-11.31.42:397][  0]LogInit:  - supports HTTP deflate (compression) using libz 1.3
[2026.04.21-11.31.42:397][  0]LogInit:  - other features:
[2026.04.21-11.31.42:397][  0]LogInit:      CURL_VERSION_SSL
[2026.04.21-11.31.42:397][  0]LogInit:      CURL_VERSION_LIBZ
[2026.04.21-11.31.42:397][  0]LogInit:      CURL_VERSION_IPV6
[2026.04.21-11.31.42:397][  0]LogInit:      CURL_VERSION_ASYNCHDNS
[2026.04.21-11.31.42:397][  0]LogInit:      CURL_VERSION_LARGEFILE
[2026.04.21-11.31.42:397][  0]LogInit:      CURL_VERSION_TLSAUTH_SRP
[2026.04.21-11.31.42:397][  0]LogInit:      CURL_VERSION_HTTP2
[2026.04.21-11.31.42:397][  0]LogInit:  CurlRequestOptions (configurable via config and command line):
[2026.04.21-11.31.42:397][  0]LogInit:  - bVerifyPeer = false  - Libcurl will NOT verify peer certificate
[2026.04.21-11.31.42:397][  0]LogInit:  - bUseHttpProxy = false  - Libcurl will NOT use HTTP proxy
[2026.04.21-11.31.42:397][  0]LogInit:  - CVarHttpCurlReuseConnectionEnabled = true  - Libcurl will reuse connections
[2026.04.21-11.31.42:397][  0]LogInit:  - MaxHostConnections = 16  - Libcurl will limit the number of connections to a host
[2026.04.21-11.31.42:397][  0]LogInit:  - LocalHostAddr = Default
[2026.04.21-11.31.42:397][  0]LogInit:  - BufferSize = 65536
[2026.04.21-11.31.42:397][  0]LogInit: CreateHttpThread using FCurlMultiPollEventLoopHttpThread
[2026.04.21-11.31.42:397][  0]LogInit: Creating http thread with maximum 256 concurrent requests
[2026.04.21-11.31.42:397][  0]LogAnalytics: Display: [CrashReporter.Release] AnalyticsET::StartSession ( APIServer = https://datarouter.ol.epicgames.com/datarouter/api/v1/public/data. AppVersion = ++UE5+Release-5.7-CL-51494982 )
[2026.04.21-11.31.42:398][  0]CrashReportCoreLog: Display: Applying project settings from '/home/daantje/Documents/SchoolProjecten/Project-publish/ProjectPublish/Saved/Crashes/crashinfo-ProjectPublish-pid-14852-EBA448AA78A94127B83FB81CB6E2B747/CrashReportClient.ini'.
[2026.04.21-11.31.42:398][  0]CrashReportCoreLog: CrashReportClientVersion=1.0
[2026.04.21-11.31.42:398][  0]CrashReportCoreLog: CrashReportReceiver disabled
[2026.04.21-11.31.42:398][  0]CrashReportCoreLog: DataRouterUrl: https://datarouter.ol.epicgames.com/datarouter/api/v1/public/data
[2026.04.21-11.31.42:399][  0]LogInit: Initializing SDL.
[2026.04.21-11.31.42:463][  0]LogInit: Initialized SDL 3.2.10 revision: SDL3-3.2.10-HEAD-HASH-NOTFOUND (compiled against 3.2.10)
[2026.04.21-11.31.42:463][  0]LogInit: Using SDL video driver 'wayland'
[2026.04.21-11.31.42:465][  0]LogSlate: New Slate User Created. Platform User Id 0, User Index 0, Is Virtual User: 0
[2026.04.21-11.31.42:465][  0]LogSlate: Slate User Registered.  User Index 0, Is Virtual User: 0
[2026.04.21-11.31.42:465][  0]LogSlate: Using FreeType 2.10.0
[2026.04.21-11.31.42:466][  0]LogSlate: SlateFontServices - WITH_FREETYPE: 1, WITH_HARFBUZZ: 1
[2026.04.21-11.31.42:466][  0]LogInit: Using SDL_WINDOW_OPENGL
[2026.04.21-11.31.42:513][  0]LogInit: FSlateOpenGLContext::Initialize - creating OpenGL 2.1 context
[2026.04.21-11.31.42:611][  0]LogStreaming: Warning: Failed to read file '../../../Engine/Platforms/VisionOS/Content/Editor/Slate/Launcher/Platform_VisionOS_24x.png' error.
[2026.04.21-11.31.42:611][  0]LogSlateOpenGL: Could not find file for Slate texture: [../../../Engine/Platforms/VisionOS/Content/Editor/Slate/Launcher/Platform_VisionOS_24x.png] '../../../Engine/Platforms/VisionOS/Content/Editor/Slate/Launcher/Platform_VisionOS_24x.png'
[2026.04.21-11.31.42:611][  0]LogStreaming: Warning: Failed to read file '../../../Engine/Platforms/VisionOS/Content/Editor/Slate/Launcher/Platform_VisionOS_128x.png' error.
[2026.04.21-11.31.42:611][  0]LogSlateOpenGL: Could not find file for Slate texture: [../../../Engine/Platforms/VisionOS/Content/Editor/Slate/Launcher/Platform_VisionOS_128x.png] '../../../Engine/Platforms/VisionOS/Content/Editor/Slate/Launcher/Platform_VisionOS_128x.png'
[2026.04.21-11.31.42:611][  0]LogStreaming: Warning: Failed to read file '../../../Engine/Platforms/VisionOS/Content/Editor/Slate/Launcher/Platform_VisionOS_128x.png' error.
[2026.04.21-11.31.42:611][  0]LogSlateOpenGL: Could not find file for Slate texture: [../../../Engine/Platforms/VisionOS/Content/Editor/Slate/Launcher/Platform_VisionOS_128x.png] '../../../Engine/Platforms/VisionOS/Content/Editor/Slate/Launcher/Platform_VisionOS_128x.png'
[2026.04.21-11.31.42:629][  0]CrashReportCoreLog: Initial state = Unknown UploadState value
[2026.04.21-11.31.42:629][  0]CrashReportCoreLog: Initial state = Unknown UploadState value
[2026.04.21-11.31.42:633][  0]LogInit: FSlateOpenGLContext::Initialize - creating OpenGL 2.1 context
[2026.04.21-11.31.42:639][  0]LogSlate: Took 0.000110 seconds to synchronously load lazily loaded font '../../../Engine/Content/Slate/Fonts/Roboto-Regular.ttf' (155K)
[2026.04.21-11.31.42:639][  0]LogSlate: Took 0.000040 seconds to synchronously load lazily loaded font '../../../Engine/Content/Slate/Fonts/Roboto-Bold.ttf' (160K)
[2026.04.21-11.31.42:640][  0]LogSlate: Took 0.000055 seconds to synchronously load lazily loaded font '../../../Engine/Content/Slate/Fonts/Roboto-Italic.ttf' (157K)
[2026.04.21-11.31.48:748][  0]LogInit: FSlateOpenGLContext::Initialize - creating OpenGL 2.1 context
[2026.04.21-11.32.54:511][  0]LogSlate: Request Window '' being destroyed
[2026.04.21-11.32.54:527][  0]LogSlate: Request Window 'ProjectPublish Crash Reporter' being destroyed
[2026.04.21-11.32.54:527][  0]LogSlate: Window 'ProjectPublish Crash Reporter' being destroyed
[2026.04.21-11.32.54:529][  0]LogCore: Engine exit requested (reason: OnRequestExit)
[2026.04.21-11.32.54:529][  0]CrashReportCoreLog: Final state (Receiver) = Ready
[2026.04.21-11.32.54:529][  0]CrashReportCoreLog: Final state (Receiver) = Unknown UploadState value
[2026.04.21-11.32.54:533][  0]LogSlate: Slate User Destroyed.  User Index 0, Is Virtual User: 0
[2026.04.21-11.32.54:533][  0]LogAnalytics: Display: [CrashReporter.Release] AnalyticsET::EndSession
[2026.04.21-11.32.54:533][  0]LogCore: Engine exit requested (reason: CrashReportClientApp RequestExit; note: exit was already requested)
[2026.04.21-11.32.54:533][  0]LogExit: Preparing to exit.
[2026.04.21-11.32.54:534][  0]LogExit: Object subsystem successfully closed.
[2026.04.21-11.32.54:534][  0]LogHttp: Warning: [FHttpManager::Shutdown] Unbinding delegates for 1 outstanding Http Requests:
[2026.04.21-11.32.54:534][  0]LogHttp: Warning: 	verb=[POST] url=[https://datarouter.ol.epicgames.com/datarouter/api/v1/public/data?SessionID=%7B5BC4D23D-DF9E-41CB-AC95-D85303A070BA%7D&AppID=CrashReporter.Release&AppVersion=%2B%2BUE5%2BRelease-5.7-CL-51494982&UserID=3cdf7a92d3224369a4459fffed029588-000003e8%7C%7C3cdf7a92d3224369a4459fffed029588&AppEnvironment=datacollector-binary&UploadType=eteventstream] refs=[2] status=Processing
[2026.04.21-11.32.54:534][  0]LogHttp: Warning: 	Sleeping 0.500s to wait for 1 outstanding Http Requests.
[2026.04.21-11.32.55:036][  0]LogPakFile: Destroying PakPlatformFile
[2026.04.21-11.32.55:036][  0]LogExit: Exiting.
[2026.04.21-11.32.55:036][  0]LogInit: Tearing down SDL.
[2026.04.21-11.32.55:045][  0]Log file closed, 04/21/26 13:32:55
