[+] Containers:
 |--[+] Container: /Game/Daan/Main_Menu
 |   |--[+] ActorDescs:
 |   |   |- Guid:422210B25F634FA3A9F1DE5516FE144A BaseClass:/Game/Daan/BluePrints/BP_MainMenuSpawner.BP_MainMenuSpawner_C NativeClass:/Script/Engine.Actor Name:BP_MainMenuSpawner_C_UAID_2C58B9EBDB2C52D402_1302897801 Label:BP_MainMenuSpawner SpatiallyLoaded:true EditorBounds:IsValid=true, Min=(X=2190.000 Y=-720.000 Z=-214730.000), Max=(X=2190.000 Y=-720.000 Z=-214730.000) EditorBoundsRelative:IsValid=true, Center=(X=0.000 Y=0.000 Z=0.000), Rotation=(X=-0.000 Y=0.000 Z=0.000), Extents=(X=0.000 Y=0.000 Z=0.000) RuntimeBounds:IsValid=true, Min=(X=2190.000 Y=-720.000 Z=-214730.000), Max=(X=2190.000 Y=-720.000 Z=-214730.000) RuntimeBoundsRelative:IsValid=true, Center=(X=0.000 Y=0.000 Z=0.000), Rotation=(X=-0.000 Y=0.000 Z=0.000), Extents=(X=0.000 Y=0.000 Z=0.000) RuntimeGrid:None EditorOnly:false RuntimeOnly:false HLODRelevant:false ListedInSceneOutliner:true IsMainWorldOnly:false View=(RuntimeGrid=none RuntimeHLODLayer=none bIsForcedNonSpatiallyLoaded=false bIsForcedNoRuntimeGrid=false bIsForcedNoDataLayers=false bIsForceNoHLODLayer=false bIsForcedHLODIrrelevant=false)
 |   |   |- Guid:DE549BE4ED284ADE950C186A2DC867B2 NativeClass:/Script/Engine.WorldDataLayers Name:WorldDataLayers Label:WorldDataLayers SpatiallyLoaded:false EditorBounds:IsValid=false EditorBoundsRelative:IsValid=false RuntimeBounds:IsValid=true, Min=(X=0.000 Y=0.000 Z=0.000), Max=(X=0.000 Y=0.000 Z=0.000) RuntimeBoundsRelative:IsValid=true, Center=(X=0.000 Y=0.000 Z=0.000), Rotation=(X=-0.000 Y=0.000 Z=0.000), Extents=(X=0.000 Y=0.000 Z=0.000) RuntimeGrid:None EditorOnly:false RuntimeOnly:false HLODRelevant:false ListedInSceneOutliner:true IsMainWorldOnly:true View=(RuntimeGrid=none RuntimeHLODLayer=none bIsForcedNonSpatiallyLoaded=false bIsForcedNoRuntimeGrid=false bIsForcedNoDataLayers=false bIsForceNoHLODLayer=false bIsForcedHLODIrrelevant=false)
 |   |--[+] Clusters:
 |   |   |--[+] [  0]
 |   |   |   |- Guid:422210B25F634FA3A9F1DE5516FE144A BaseClass:/Game/Daan/BluePrints/BP_MainMenuSpawner.BP_MainMenuSpawner_C NativeClass:/Script/Engine.Actor Name:BP_MainMenuSpawner_C_UAID_2C58B9EBDB2C52D402_1302897801 Label:BP_MainMenuSpawner SpatiallyLoaded:true EditorBounds:IsValid=true, Min=(X=2190.000 Y=-720.000 Z=-214730.000), Max=(X=2190.000 Y=-720.000 Z=-214730.000) EditorBoundsRelative:IsValid=true, Center=(X=0.000 Y=0.000 Z=0.000), Rotation=(X=-0.000 Y=0.000 Z=0.000), Extents=(X=0.000 Y=0.000 Z=0.000) RuntimeBounds:IsValid=true, Min=(X=2190.000 Y=-720.000 Z=-214730.000), Max=(X=2190.000 Y=-720.000 Z=-214730.000) RuntimeBoundsRelative:IsValid=true, Center=(X=0.000 Y=0.000 Z=0.000), Rotation=(X=-0.000 Y=0.000 Z=0.000), Extents=(X=0.000 Y=0.000 Z=0.000) RuntimeGrid:None EditorOnly:false RuntimeOnly:false HLODRelevant:false ListedInSceneOutliner:true IsMainWorldOnly:false View=(RuntimeGrid=none RuntimeHLODLayer=none bIsForcedNonSpatiallyLoaded=false bIsForcedNoRuntimeGrid=false bIsForcedNoDataLayers=false bIsForceNoHLODLayer=false bIsForcedHLODIrrelevant=false)
 |   |   |--[+] [  1]
 |   |   |   |- Guid:DE549BE4ED284ADE950C186A2DC867B2 NativeClass:/Script/Engine.WorldDataLayers Name:WorldDataLayers Label:WorldDataLayers SpatiallyLoaded:false EditorBounds:IsValid=false EditorBoundsRelative:IsValid=false RuntimeBounds:IsValid=true, Min=(X=0.000 Y=0.000 Z=0.000), Max=(X=0.000 Y=0.000 Z=0.000) RuntimeBoundsRelative:IsValid=true, Center=(X=0.000 Y=0.000 Z=0.000), Rotation=(X=-0.000 Y=0.000 Z=0.000), Extents=(X=0.000 Y=0.000 Z=0.000) RuntimeGrid:None EditorOnly:false RuntimeOnly:false HLODRelevant:false ListedInSceneOutliner:true IsMainWorldOnly:true View=(RuntimeGrid=none RuntimeHLODLayer=none bIsForcedNonSpatiallyLoaded=false bIsForcedNoRuntimeGrid=false bIsForcedNoDataLayers=false bIsForceNoHLODLayer=false bIsForcedHLODIrrelevant=false)
 |- ContainerInstances:
 |--[+] MainContainer:
 |   |-           ID: 00000000000000000000000000000000
 |   |-     ParentID: 00000000000000000000000000000000
 |   |-       Bounds: IsValid=true, Min=(X=2190.000 Y=-720.000 Z=-214730.000), Max=(X=2190.000 Y=-720.000 Z=-214730.000)
 |   |-    Transform: 0.000000,0.000000,0.000000|0.000000,0.000000,-0.000000|1.000000,1.000000,1.000000
 |   |-    Container: /Game/Daan/Main_Menu
 |   |- HLODRelevant: true
----------------------------------------------------------------------------------------------------------------
Main_Menu - Persistent Level
----------------------------------------------------------------------------------------------------------------
[+] Content of Main_Menu Persistent Level
 |- Always loaded Actor Count: 1 
 |- Actor Path: /Game/Daan/Main_Menu.Main_Menu:PersistentLevel.WorldDataLayers
 |- Actor Package: /Game/__ExternalActors__/Daan/Main_Menu/8/FZ/6D0HZGXWPCVBMPQIIL7944

----------------------------------------------------------------------------------------------------------------
Main_Menu - Runtime Hash Set
----------------------------------------------------------------------------------------------------------------
[+] Content of Cell Main_Menu_MainPartition_L0_X0_Y-1 (23QRGGG1RLR62BS8TGN0XIAMQ)
 |- Actor Count: 1
 |- Always Loaded: False
 |- Spatially Loaded: True
 |- Content Bounds: IsValid=true, Min=(X=2190.000 Y=-720.000 Z=-214730.000), Max=(X=2190.000 Y=-720.000 Z=-214730.000)
 |- Cell Bounds: IsValid=true, Min=(X=0.000 Y=-12800.000 Z=-4398046511104.000), Max=(X=12800.000 Y=0.000 Z=4398046511104.000)
 |- Is 2D: True
 |--[+] /Game/Daan/Main_Menu.Main_Menu:PersistentLevel.BP_MainMenuSpawner_C_UAID_2C58B9EBDB2C52D402_1302897801
 |   |-         Package: /Game/__ExternalActors__/Daan/Main_Menu/D/6J/FX9Z05TGAE6MGQ69FJOGWM
 |   |-     Editor Only: 0
 |   |-   Instance Guid: 422210B25F634FA3A9F1DE5516FE144A
 |   |--[+] Container:
 |   |   |-        ID: 00000000000000000000000000000000
 |   |   |- Transform: 0.000000,0.000000,0.000000|0.000000,0.000000,-0.000000|1.000000,1.000000,1.000000

